c:\users\john yuen\onedrive\review\ast20105\project\king_project\king_project\debug\vc141.pdb
c:\users\john yuen\onedrive\review\ast20105\project\king_project\king_project\debug\vc141.idb
c:\users\john yuen\onedrive\review\ast20105\project\king_project\king_project\debug\bst.obj
c:\users\john yuen\onedrive\review\ast20105\project\king_project\king_project\debug\main.obj
c:\users\john yuen\onedrive\review\ast20105\project\king_project\king_project\debug\menu.obj
c:\users\john yuen\onedrive\review\ast20105\project\king_project\king_project\debug\singlylist.obj
c:\users\jy\onedrive\review\ast20105\project\king_project\king_project\debug\vc141.pdb
c:\users\jy\onedrive\review\ast20105\project\king_project\king_project\debug\vc141.idb
c:\users\jy\onedrive\review\ast20105\project\king_project\king_project\debug\bst.obj
c:\users\jy\onedrive\review\ast20105\project\king_project\king_project\debug\main.obj
c:\users\jy\onedrive\review\ast20105\project\king_project\king_project\debug\menu.obj
c:\users\jy\onedrive\review\ast20105\project\king_project\king_project\debug\singlylist.obj
c:\users\john yuen\onedrive\review\ast20105\project\king_project\debug\king_project.exe
c:\users\john yuen\onedrive\review\ast20105\project\king_project\debug\king_project.ilk
c:\users\john yuen\onedrive\review\ast20105\project\king_project\debug\king_project.pdb
c:\users\jy\onedrive\review\ast20105\project\king_project\debug\king_project.ilk
c:\users\jy\onedrive\review\ast20105\project\king_project\debug\king_project.exe
c:\users\jy\onedrive\review\ast20105\project\king_project\debug\king_project.pdb
c:\users\jy\onedrive\review\ast20105\project\king_project\king_project\debug\king_project.tlog\cl.command.1.tlog
c:\users\jy\onedrive\review\ast20105\project\king_project\king_project\debug\king_project.tlog\cl.read.1.tlog
c:\users\jy\onedrive\review\ast20105\project\king_project\king_project\debug\king_project.tlog\cl.write.1.tlog
c:\users\jy\onedrive\review\ast20105\project\king_project\king_project\debug\king_project.tlog\link.command.1.tlog
c:\users\jy\onedrive\review\ast20105\project\king_project\king_project\debug\king_project.tlog\link.read.1.tlog
c:\users\jy\onedrive\review\ast20105\project\king_project\king_project\debug\king_project.tlog\link.write.1.tlog
